JetNote/app/build/intermediates/manifest_merge_blame_file/debug/manifest-merger-blame-debug-report.txt
1<?xml version="1.0" encoding="utf-8"?>
2<manifest xmlns:android="http://schemas.android.com/apk/res/android"
3    package="com.example.jetnote"
4    android:versionCode="1"
5    android:versionName="1.0" >
6
7    <uses-sdk
8        android:minSdkVersion="21"
8-->src\main\AndroidManifest.xml
9        android:targetSdkVersion="31" />
9-->src\main\AndroidManifest.xml
10
11    <application
11-->src\main\AndroidManifest.xml:6:3-30:17
12        android:name="com.example.jetnote.JetNotesApplication"
12-->src\main\AndroidManifest.xml:7:5-40
13        android:allowBackup="true"
13-->src\main\AndroidManifest.xml:8:5-31
14        android:appComponentFactory="androidx.core.app.CoreComponentFactory"
14-->[androidx.core:core:1.6.0] AndroidManifest.xml:24:18-86
15        android:debuggable="true"
16        android:icon="@mipmap/ic_launcher"
16-->src\main\AndroidManifest.xml:9:5-39
17        android:label="@string/app_name"
17-->src\main\AndroidManifest.xml:10:5-37
18        android:roundIcon="@mipmap/ic_launcher_round"
18-->src\main\AndroidManifest.xml:11:5-50
19        android:supportsRtl="true"
19-->src\main\AndroidManifest.xml:12:5-31
20        android:testOnly="true"
21        android:theme="@style/Theme.JetNotes" >
21-->src\main\AndroidManifest.xml:13:5-42
22
23        <!-- Splash Activity -->
24        <activity
24-->src\main\AndroidManifest.xml:16:5-26:16
25            android:name="com.example.jetnote.SplashActivity"
25-->src\main\AndroidManifest.xml:17:7-37
26            android:exported="true"
26-->src\main\AndroidManifest.xml:20:9-32
27            android:screenOrientation="portrait" >
27-->src\main\AndroidManifest.xml:18:7-43
28            <intent-filter>
28-->src\main\AndroidManifest.xml:21:7-25:23
29                <action android:name="android.intent.action.MAIN" />
29-->src\main\AndroidManifest.xml:22:9-61
29-->src\main\AndroidManifest.xml:22:17-58
30
31                <category android:name="android.intent.category.LAUNCHER" />
31-->src\main\AndroidManifest.xml:24:9-69
31-->src\main\AndroidManifest.xml:24:19-66
32            </intent-filter>
33        </activity>
34        <activity android:name="com.example.jetnote.MainActivity" />
34-->src\main\AndroidManifest.xml:28:5-46
34-->src\main\AndroidManifest.xml:28:15-43
35        <activity
35-->[androidx.compose.ui:ui-tooling:1.0.1] AndroidManifest.xml:25:9-27:39
36            android:name="androidx.compose.ui.tooling.PreviewActivity"
36-->[androidx.compose.ui:ui-tooling:1.0.1] AndroidManifest.xml:26:13-71
37            android:exported="true" />
37-->[androidx.compose.ui:ui-tooling:1.0.1] AndroidManifest.xml:27:13-36
38
39        <service
39-->[androidx.room:room-runtime:2.3.0] AndroidManifest.xml:25:9-28:40
40            android:name="androidx.room.MultiInstanceInvalidationService"
40-->[androidx.room:room-runtime:2.3.0] AndroidManifest.xml:26:13-74
41            android:directBootAware="true"
41-->[androidx.room:room-runtime:2.3.0] AndroidManifest.xml:27:13-43
42            android:exported="false" />
42-->[androidx.room:room-runtime:2.3.0] AndroidManifest.xml:28:13-37
43
44        <provider
44-->[androidx.profileinstaller:profileinstaller:1.0.1] AndroidManifest.xml:26:9-34:20
45            android:name="androidx.startup.InitializationProvider"
45-->[androidx.profileinstaller:profileinstaller:1.0.1] AndroidManifest.xml:27:13-67
46            android:authorities="com.example.jetnote.androidx-startup"
46-->[androidx.profileinstaller:profileinstaller:1.0.1] AndroidManifest.xml:28:13-68
47            android:exported="false" >
47-->[androidx.profileinstaller:profileinstaller:1.0.1] AndroidManifest.xml:29:13-37
48            <meta-data
48-->[androidx.profileinstaller:profileinstaller:1.0.1] AndroidManifest.xml:31:13-33:52
49                android:name="androidx.profileinstaller.ProfileInstallerInitializer"
49-->[androidx.profileinstaller:profileinstaller:1.0.1] AndroidManifest.xml:32:17-85
50                android:value="androidx.startup" />
50-->[androidx.profileinstaller:profileinstaller:1.0.1] AndroidManifest.xml:33:17-49
51        </provider>
52
53        <receiver
53-->[androidx.profileinstaller:profileinstaller:1.0.1] AndroidManifest.xml:36:9-45:20
54            android:name="androidx.profileinstaller.ProfileInstallReceiver"
54-->[androidx.profileinstaller:profileinstaller:1.0.1] AndroidManifest.xml:37:13-76
55            android:directBootAware="false"
55-->[androidx.profileinstaller:profileinstaller:1.0.1] AndroidManifest.xml:38:13-44
56            android:enabled="true"
56-->[androidx.profileinstaller:profileinstaller:1.0.1] AndroidManifest.xml:39:13-35
57            android:exported="true"
57-->[androidx.profileinstaller:profileinstaller:1.0.1] AndroidManifest.xml:40:13-36
58            android:permission="android.permission.DUMP" >
58-->[androidx.profileinstaller:profileinstaller:1.0.1] AndroidManifest.xml:41:13-57
59            <intent-filter>
59-->[androidx.profileinstaller:profileinstaller:1.0.1] AndroidManifest.xml:42:13-44:29
60                <action android:name="androidx.profileinstaller.action.INSTALL_PROFILE" />
60-->[androidx.profileinstaller:profileinstaller:1.0.1] AndroidManifest.xml:43:17-91
60-->[androidx.profileinstaller:profileinstaller:1.0.1] AndroidManifest.xml:43:25-88
61            </intent-filter>
62        </receiver>
63    </application>
64
65</manifest>